<?xml version="1.0" encoding="UTF-8"?>
<testng-results skipped="0" failed="0" ignored="0" total="1" passed="1">
  <reporter-output>
  </reporter-output>
  <suite name="Suite" duration-ms="14898" started-at="2020-06-25T16:11:33 IST" finished-at="2020-06-25T16:11:48 IST">
    <groups>
    </groups>
    <test name="Login Testcase" duration-ms="14898" started-at="2020-06-25T16:11:33 IST" finished-at="2020-06-25T16:11:48 IST">
      <class name="com.blaze.testcases.TestCaseLogin">
        <test-method status="PASS" signature="beforeTest()[pri:0, instance:com.blaze.testcases.TestCaseLogin@148080bb]" name="beforeTest" is-config="true" duration-ms="9" started-at="2020-06-25T16:11:33 IST" finished-at="2020-06-25T16:11:33 IST">
          <reporter-output>
          </reporter-output>
        </test-method> <!-- beforeTest -->
        <test-method status="PASS" signature="loginTest()[pri:0, instance:com.blaze.testcases.TestCaseLogin@148080bb]" name="loginTest" duration-ms="14865" started-at="2020-06-25T16:11:33 IST" finished-at="2020-06-25T16:11:48 IST">
          <reporter-output>
          </reporter-output>
        </test-method> <!-- loginTest -->
        <test-method status="PASS" signature="afterTest()[pri:0, instance:com.blaze.testcases.TestCaseLogin@148080bb]" name="afterTest" is-config="true" duration-ms="1" started-at="2020-06-25T16:11:48 IST" finished-at="2020-06-25T16:11:48 IST">
          <reporter-output>
          </reporter-output>
        </test-method> <!-- afterTest -->
      </class> <!-- com.blaze.testcases.TestCaseLogin -->
    </test> <!-- Login Testcase -->
  </suite> <!-- Suite -->
</testng-results>
