<?xml version="1.0" encoding="UTF-8"?>
<testng-results skipped="0" failed="0" ignored="0" total="1" passed="1">
  <reporter-output>
  </reporter-output>
  <suite name="Default suite" duration-ms="14454" started-at="2020-06-25T16:34:22 IST" finished-at="2020-06-25T16:34:37 IST">
    <groups>
    </groups>
    <test name="Default test" duration-ms="14454" started-at="2020-06-25T16:34:22 IST" finished-at="2020-06-25T16:34:37 IST">
      <class name="com.blaze.testcases.TestCaseLogin">
        <test-method status="PASS" signature="beforeTest()[pri:0, instance:com.blaze.testcases.TestCaseLogin@131276c2]" name="beforeTest" is-config="true" duration-ms="9" started-at="2020-06-25T16:34:22 IST" finished-at="2020-06-25T16:34:22 IST">
          <reporter-output>
          </reporter-output>
        </test-method> <!-- beforeTest -->
        <test-method status="PASS" signature="loginTest()[pri:0, instance:com.blaze.testcases.TestCaseLogin@131276c2]" name="loginTest" duration-ms="14404" started-at="2020-06-25T16:34:22 IST" finished-at="2020-06-25T16:34:37 IST">
          <reporter-output>
          </reporter-output>
        </test-method> <!-- loginTest -->
        <test-method status="PASS" signature="afterTest()[pri:0, instance:com.blaze.testcases.TestCaseLogin@131276c2]" name="afterTest" is-config="true" duration-ms="2" started-at="2020-06-25T16:34:37 IST" finished-at="2020-06-25T16:34:37 IST">
          <reporter-output>
          </reporter-output>
        </test-method> <!-- afterTest -->
      </class> <!-- com.blaze.testcases.TestCaseLogin -->
    </test> <!-- Default test -->
  </suite> <!-- Default suite -->
</testng-results>
